<?xml version="1.0" encoding="UTF-8"?>
<!-- Generated by org.testng.reporters.JUnitReportReporter -->
<testsuite skipped="0" hostname="DESKTOP-84IFITH" name="apractice.a1" tests="1" failures="0" timestamp="30 Apr 2022 13:56:15 GMT" time="7.057" errors="0">
  <testcase name="river" time="7.057" classname="apractice.a1"/>
</testsuite> <!-- apractice.a1 -->
